2025-03-18 00:18:43,516 - INFO - Starting medication reminder script.
2025-03-18 00:18:43,875 - INFO - No medications are due at this time.
2025-03-18 00:19:44,214 - INFO - No medications are due at this time.
2025-03-18 00:20:44,551 - INFO - No medications are due at this time.
2025-03-18 00:21:44,911 - INFO - No medications are due at this time.
2025-03-18 00:22:46,312 - INFO - Email sent to siboraboba@aol.com for medication vitamin d.
2025-03-18 00:22:46,661 - INFO - Updated last_sent_time for prescription ID 6.
2025-03-18 00:23:47,029 - INFO - No medications are due at this time.
2025-03-18 00:24:47,404 - INFO - No medications are due at this time.
2025-03-18 00:25:15,748 - INFO - Starting medication reminder script.
2025-03-18 00:25:16,063 - INFO - No medications are due at this time.
2025-03-18 00:26:16,405 - INFO - No medications are due at this time.
2025-03-18 00:26:25,526 - INFO - Starting medication reminder script.
2025-03-18 00:26:25,843 - INFO - No medications are due at this time.
2025-03-18 00:26:59,980 - INFO - Starting medication reminder script.
2025-03-18 00:27:00,304 - INFO - No medications are due at this time.
2025-03-18 00:28:01,637 - INFO - Email sent to siboraboba@aol.com for medication vitamin d.
2025-03-18 00:28:02,003 - INFO - Updated last_sent_time for prescription ID 6.
2025-03-18 00:29:02,350 - INFO - No medications are due at this time.
2025-03-18 00:30:03,632 - INFO - Email sent to siboraboba@aol.com for medication test medication.
2025-03-18 00:30:03,992 - INFO - Updated last_sent_time for prescription ID 1.
2025-03-18 00:31:04,355 - INFO - No medications are due at this time.
2025-03-18 00:32:00,680 - INFO - Starting medication reminder script.
2025-03-18 00:32:01,019 - INFO - No medications are due at this time.
2025-03-18 00:33:02,461 - INFO - Email sent to siboraboba@aol.com for medication vitamin d.
2025-03-18 00:33:02,824 - INFO - Updated last_sent_time for prescription ID 6.
2025-03-18 00:34:03,167 - INFO - No medications are due at this time.
2025-03-18 00:35:03,550 - INFO - No medications are due at this time.
2025-03-18 00:36:04,064 - INFO - No medications are due at this time.
2025-03-18 00:37:04,401 - INFO - No medications are due at this time.
2025-03-18 00:38:04,743 - INFO - No medications are due at this time.
2025-03-18 00:39:05,121 - INFO - No medications are due at this time.
2025-03-18 00:39:11,578 - INFO - Starting medication reminder script.
2025-03-18 00:39:11,909 - INFO - No medications are due at this time.
2025-03-18 00:40:13,465 - INFO - Email sent to siboraboba@aol.com for medication vitamin d.
2025-03-18 00:40:13,823 - INFO - Updated last_sent_time for prescription ID 6.
2025-03-18 00:40:13,823 - INFO - Already sent email to siboraboba@aol.com.
2025-03-18 00:41:15,213 - INFO - Email sent to siboraboba@aol.com for medication test medication.
2025-03-18 00:41:15,567 - INFO - Updated last_sent_time for prescription ID 1.
2025-03-18 00:42:15,950 - INFO - No medications are due at this time.
2025-03-18 00:43:16,291 - INFO - No medications are due at this time.
2025-03-18 00:43:54,245 - INFO - Starting medication reminder script.
2025-03-18 00:43:55,606 - INFO - Email sent to siboraboba@aol.com for medication test medication.
2025-03-18 00:43:56,018 - INFO - Updated last_sent_time for prescription ID 1.
