2025-03-18 00:18:43,516 - INFO - Starting medication reminder script.
2025-03-18 00:18:43,875 - INFO - No medications are due at this time.
2025-03-18 00:19:44,214 - INFO - No medications are due at this time.
2025-03-18 00:20:44,551 - INFO - No medications are due at this time.
2025-03-18 00:21:44,911 - INFO - No medications are due at this time.
2025-03-18 00:22:46,312 - INFO - Email sent to siboraboba@aol.com for medication vitamin d.
2025-03-18 00:22:46,661 - INFO - Updated last_sent_time for prescription ID 6.
2025-03-18 00:23:47,029 - INFO - No medications are due at this time.
2025-03-18 00:24:47,404 - INFO - No medications are due at this time.
2025-03-18 00:25:15,748 - INFO - Starting medication reminder script.
2025-03-18 00:25:16,063 - INFO - No medications are due at this time.
2025-03-18 00:26:16,405 - INFO - No medications are due at this time.
2025-03-18 00:26:25,526 - INFO - Starting medication reminder script.
2025-03-18 00:26:25,843 - INFO - No medications are due at this time.
2025-03-18 00:26:59,980 - INFO - Starting medication reminder script.
2025-03-18 00:27:00,304 - INFO - No medications are due at this time.
2025-03-18 00:28:01,637 - INFO - Email sent to siboraboba@aol.com for medication vitamin d.
2025-03-18 00:28:02,003 - INFO - Updated last_sent_time for prescription ID 6.
2025-03-18 00:29:02,350 - INFO - No medications are due at this time.
2025-03-18 00:30:03,632 - INFO - Email sent to siboraboba@aol.com for medication test medication.
2025-03-18 00:30:03,992 - INFO - Updated last_sent_time for prescription ID 1.
2025-03-18 00:31:04,355 - INFO - No medications are due at this time.
2025-03-18 00:32:00,680 - INFO - Starting medication reminder script.
2025-03-18 00:32:01,019 - INFO - No medications are due at this time.
2025-03-18 00:33:02,461 - INFO - Email sent to siboraboba@aol.com for medication vitamin d.
2025-03-18 00:33:02,824 - INFO - Updated last_sent_time for prescription ID 6.
2025-03-18 00:34:03,167 - INFO - No medications are due at this time.
2025-03-18 00:35:03,550 - INFO - No medications are due at this time.
2025-03-18 00:36:04,064 - INFO - No medications are due at this time.
2025-03-18 00:37:04,401 - INFO - No medications are due at this time.
2025-03-18 00:38:04,743 - INFO - No medications are due at this time.
2025-03-18 00:39:05,121 - INFO - No medications are due at this time.
2025-03-18 00:39:11,578 - INFO - Starting medication reminder script.
2025-03-18 00:39:11,909 - INFO - No medications are due at this time.
2025-03-18 00:40:13,465 - INFO - Email sent to siboraboba@aol.com for medication vitamin d.
2025-03-18 00:40:13,823 - INFO - Updated last_sent_time for prescription ID 6.
2025-03-18 00:40:13,823 - INFO - Already sent email to siboraboba@aol.com.
2025-03-18 00:41:15,213 - INFO - Email sent to siboraboba@aol.com for medication test medication.
2025-03-18 00:41:15,567 - INFO - Updated last_sent_time for prescription ID 1.
2025-03-18 00:42:15,950 - INFO - No medications are due at this time.
2025-03-18 00:43:16,291 - INFO - No medications are due at this time.
2025-03-18 00:43:54,245 - INFO - Starting medication reminder script.
2025-03-18 00:43:55,606 - INFO - Email sent to siboraboba@aol.com for medication test medication.
2025-03-18 00:43:56,018 - INFO - Updated last_sent_time for prescription ID 1.
2025-03-18 00:44:56,363 - INFO - No medications are due at this time.
2025-03-18 00:45:56,719 - INFO - No medications are due at this time.
2025-03-18 00:46:58,185 - INFO - Email sent to siboraboba@aol.com for medication test medication.
2025-03-18 00:46:58,594 - INFO - Updated last_sent_time for prescription ID 1.
2025-03-18 00:46:59,500 - INFO - Email sent to siboraboba@aol.com for medication vitamin d.
2025-03-18 00:46:59,978 - INFO - Updated last_sent_time for prescription ID 6.
2025-03-18 00:48:00,401 - INFO - No medications are due at this time.
2025-03-18 00:49:00,883 - INFO - No medications are due at this time.
2025-03-18 00:50:01,250 - INFO - No medications are due at this time.
2025-03-18 00:51:01,586 - INFO - No medications are due at this time.
2025-03-18 00:52:01,943 - INFO - No medications are due at this time.
2025-03-18 00:53:02,321 - INFO - No medications are due at this time.
2025-03-18 00:54:02,671 - INFO - No medications are due at this time.
2025-03-18 00:55:03,260 - INFO - No medications are due at this time.
2025-03-18 00:56:03,664 - INFO - No medications are due at this time.
2025-03-18 00:57:04,034 - INFO - No medications are due at this time.
2025-03-18 00:58:04,364 - INFO - No medications are due at this time.
2025-03-18 00:59:04,724 - INFO - No medications are due at this time.
2025-03-18 01:00:05,063 - INFO - No medications are due at this time.
2025-03-18 01:01:05,400 - INFO - No medications are due at this time.
2025-03-18 01:02:05,757 - INFO - No medications are due at this time.
2025-03-18 01:03:06,126 - INFO - No medications are due at this time.
2025-04-06 21:37:50,403 - INFO - Starting medication reminder script.
2025-04-06 21:37:53,277 - INFO - Email sent to siboraboba@aol.com for medication vitamin d.
2025-04-06 21:37:53,610 - INFO - Updated last_sent_time for prescription ID 301.
2025-04-06 21:38:53,984 - INFO - No medications are due at this time.
2025-04-06 21:39:54,338 - INFO - No medications are due at this time.
2025-04-06 21:40:54,706 - INFO - No medications are due at this time.
2025-04-06 21:41:55,065 - INFO - No medications are due at this time.
2025-04-06 21:42:55,437 - INFO - No medications are due at this time.
2025-04-06 21:43:55,823 - INFO - No medications are due at this time.
2025-04-06 21:44:56,199 - INFO - No medications are due at this time.
2025-04-06 21:45:56,544 - INFO - No medications are due at this time.
2025-04-06 21:46:56,897 - INFO - No medications are due at this time.
2025-04-06 21:56:09,552 - INFO - No medications are due at this time.
2025-04-06 21:57:09,903 - INFO - No medications are due at this time.
2025-04-06 21:58:10,280 - INFO - No medications are due at this time.
2025-04-06 21:59:10,643 - INFO - No medications are due at this time.
2025-04-06 22:00:11,015 - INFO - No medications are due at this time.
2025-04-06 22:01:11,386 - INFO - No medications are due at this time.
2025-04-06 22:02:11,720 - INFO - No medications are due at this time.
2025-04-06 22:03:12,090 - INFO - No medications are due at this time.
2025-04-06 22:04:12,425 - INFO - No medications are due at this time.
2025-04-06 22:05:12,800 - INFO - No medications are due at this time.
2025-04-06 22:06:13,149 - INFO - No medications are due at this time.
2025-04-06 22:07:13,511 - INFO - No medications are due at this time.
2025-04-06 22:08:13,875 - INFO - No medications are due at this time.
2025-04-06 22:09:14,227 - INFO - No medications are due at this time.
2025-04-06 22:10:14,761 - INFO - No medications are due at this time.
2025-04-06 22:11:15,098 - INFO - No medications are due at this time.
2025-04-06 22:12:15,464 - INFO - No medications are due at this time.
2025-04-06 22:13:15,819 - INFO - No medications are due at this time.
2025-04-06 22:14:16,194 - INFO - No medications are due at this time.
2025-04-06 22:15:16,557 - INFO - No medications are due at this time.
2025-04-06 22:16:16,914 - INFO - No medications are due at this time.
2025-04-06 22:17:17,265 - INFO - No medications are due at this time.
2025-04-06 22:18:17,615 - INFO - No medications are due at this time.
2025-04-06 22:19:17,997 - INFO - No medications are due at this time.
2025-04-06 22:20:18,357 - INFO - No medications are due at this time.
2025-04-06 22:21:18,734 - INFO - No medications are due at this time.
2025-04-06 22:25:25,067 - INFO - Starting medication reminder script.
2025-04-06 22:25:25,446 - INFO - No medications are due at this time.
2025-04-06 22:25:52,578 - INFO - Starting medication reminder script.
2025-04-06 22:25:52,918 - INFO - No medications are due at this time.
2025-04-06 22:26:53,282 - INFO - No medications are due at this time.
2025-04-06 22:27:55,200 - INFO - Email sent to siboraboba@aol.com for medication vitamin d.
2025-04-06 22:27:55,564 - INFO - Updated last_sent_time for prescription ID 301.
2025-04-06 22:28:55,949 - INFO - No medications are due at this time.
2025-04-06 22:29:56,327 - INFO - No medications are due at this time.
2025-04-06 22:30:56,689 - INFO - Starting medication reminder script.
2025-04-06 22:30:57,044 - INFO - No medications are due at this time.
2025-04-06 22:31:57,428 - INFO - No medications are due at this time.
2025-04-06 22:32:57,786 - INFO - No medications are due at this time.
2025-04-06 22:33:15,706 - INFO - Starting medication reminder script.
2025-04-06 22:33:16,039 - INFO - No medications are due at this time.
2025-04-06 22:34:16,414 - INFO - No medications are due at this time.
2025-04-06 22:35:16,764 - INFO - No medications are due at this time.
2025-04-06 22:36:17,130 - INFO - No medications are due at this time.
2025-04-06 22:36:56,264 - INFO - Starting medication reminder script.
2025-04-06 22:36:56,639 - INFO - No medications are due at this time.
2025-04-06 22:37:56,999 - INFO - No medications are due at this time.
2025-04-06 22:38:57,387 - INFO - No medications are due at this time.
2025-04-06 22:39:33,155 - INFO - Starting medication reminder script.
2025-04-06 22:39:33,495 - INFO - No medications are due at this time.
2025-04-06 22:39:57,721 - INFO - No medications are due at this time.
2025-04-06 22:40:18,523 - INFO - Starting medication reminder script.
2025-04-06 22:40:18,873 - INFO - No medications are due at this time.
2025-04-06 22:40:29,844 - INFO - Starting medication reminder script.
2025-04-06 22:40:30,164 - INFO - No medications are due at this time.
2025-04-06 22:40:58,075 - INFO - No medications are due at this time.
2025-04-06 22:41:30,488 - INFO - No medications are due at this time.
2025-04-06 22:41:58,463 - INFO - No medications are due at this time.
2025-04-06 22:42:30,862 - INFO - No medications are due at this time.
2025-04-06 22:42:58,806 - INFO - No medications are due at this time.
2025-04-06 22:43:52,631 - INFO - No medications are due at this time.
2025-04-06 22:44:20,616 - INFO - No medications are due at this time.
2025-04-06 22:44:55,046 - INFO - Email sent to siboraboba@aol.com for medication vitamin d.
2025-04-06 22:44:55,426 - INFO - Updated last_sent_time for prescription ID 301.
2025-04-06 22:45:20,960 - INFO - No medications are due at this time.
2025-04-06 22:45:55,791 - INFO - No medications are due at this time.
2025-04-06 22:46:21,274 - INFO - No medications are due at this time.
2025-04-06 22:46:56,149 - INFO - No medications are due at this time.
2025-04-06 22:47:21,611 - INFO - No medications are due at this time.
2025-04-06 22:47:56,488 - INFO - No medications are due at this time.
2025-04-06 23:15:32,527 - INFO - Starting medication reminder script.
2025-04-06 23:15:32,877 - INFO - No medications are due at this time.
2025-04-06 23:16:33,248 - INFO - No medications are due at this time.
2025-04-06 23:17:33,596 - INFO - No medications are due at this time.
2025-04-06 23:18:33,970 - INFO - No medications are due at this time.
2025-04-06 23:19:34,333 - INFO - No medications are due at this time.
2025-04-06 23:20:34,701 - INFO - No medications are due at this time.
2025-04-06 23:21:35,069 - INFO - No medications are due at this time.
2025-04-06 23:22:35,439 - INFO - No medications are due at this time.
2025-04-06 23:23:35,801 - INFO - No medications are due at this time.
2025-04-06 23:24:36,168 - INFO - No medications are due at this time.
2025-04-06 23:25:36,530 - INFO - No medications are due at this time.
2025-04-06 23:26:36,871 - INFO - No medications are due at this time.
2025-04-06 23:27:37,226 - INFO - No medications are due at this time.
2025-04-06 23:28:37,572 - INFO - No medications are due at this time.
2025-04-06 23:29:37,937 - INFO - No medications are due at this time.
2025-04-06 23:30:38,303 - INFO - No medications are due at this time.
2025-04-06 23:31:38,656 - INFO - No medications are due at this time.
2025-04-06 23:32:39,124 - INFO - No medications are due at this time.
2025-04-06 23:33:39,477 - INFO - No medications are due at this time.
2025-04-06 23:34:39,918 - INFO - No medications are due at this time.
2025-04-06 23:35:40,276 - INFO - No medications are due at this time.
2025-04-06 23:36:40,662 - INFO - No medications are due at this time.
2025-04-06 23:37:41,045 - INFO - No medications are due at this time.
2025-04-06 23:38:41,381 - INFO - No medications are due at this time.
2025-04-06 23:39:41,738 - INFO - No medications are due at this time.
2025-04-06 23:40:42,103 - INFO - No medications are due at this time.
2025-04-06 23:41:42,449 - INFO - No medications are due at this time.
2025-04-06 23:42:42,822 - INFO - No medications are due at this time.
2025-04-06 23:43:43,193 - INFO - No medications are due at this time.
2025-04-06 23:44:43,576 - INFO - No medications are due at this time.
2025-04-06 23:45:43,965 - INFO - No medications are due at this time.
2025-04-06 23:46:44,334 - INFO - No medications are due at this time.
2025-04-06 23:47:44,721 - INFO - No medications are due at this time.
2025-04-06 23:48:45,083 - INFO - No medications are due at this time.
2025-04-06 23:49:45,446 - INFO - No medications are due at this time.
2025-04-06 23:53:47,160 - INFO - No medications are due at this time.
2025-04-06 23:54:47,520 - INFO - No medications are due at this time.
2025-04-06 23:55:47,864 - INFO - No medications are due at this time.
2025-04-06 23:56:48,218 - INFO - No medications are due at this time.
2025-04-06 23:57:48,575 - INFO - No medications are due at this time.
2025-04-06 23:58:48,963 - INFO - No medications are due at this time.
2025-04-06 23:59:49,339 - INFO - No medications are due at this time.
2025-04-07 00:00:49,713 - INFO - No medications are due at this time.
2025-04-07 00:01:50,081 - INFO - No medications are due at this time.
2025-04-07 00:02:50,444 - INFO - No medications are due at this time.
2025-04-07 00:03:50,811 - INFO - No medications are due at this time.
2025-04-07 00:04:51,145 - INFO - No medications are due at this time.
2025-04-07 00:05:51,500 - INFO - No medications are due at this time.
2025-04-07 00:06:51,876 - INFO - No medications are due at this time.
2025-04-07 00:07:52,231 - INFO - No medications are due at this time.
2025-04-07 00:08:52,593 - INFO - No medications are due at this time.
2025-04-07 00:09:52,972 - INFO - No medications are due at this time.
2025-04-07 00:10:53,353 - INFO - No medications are due at this time.
2025-04-07 00:11:53,719 - INFO - No medications are due at this time.
2025-04-07 00:12:54,086 - INFO - No medications are due at this time.
2025-04-07 00:13:54,430 - INFO - No medications are due at this time.
2025-04-07 00:14:54,782 - INFO - No medications are due at this time.
2025-04-07 00:15:55,143 - INFO - No medications are due at this time.
2025-04-07 00:16:55,508 - INFO - No medications are due at this time.
2025-04-07 00:17:55,881 - INFO - No medications are due at this time.
2025-04-07 00:18:56,228 - INFO - No medications are due at this time.
2025-04-07 00:19:56,601 - INFO - No medications are due at this time.
2025-04-07 00:20:56,979 - INFO - No medications are due at this time.
2025-04-07 00:23:17,793 - INFO - No medications are due at this time.
2025-04-07 00:24:18,151 - INFO - No medications are due at this time.
2025-04-07 00:25:18,497 - INFO - No medications are due at this time.
2025-04-07 00:26:18,852 - INFO - No medications are due at this time.
2025-04-07 00:27:19,199 - INFO - No medications are due at this time.
2025-04-07 00:28:19,552 - INFO - No medications are due at this time.
2025-04-07 00:29:19,901 - INFO - No medications are due at this time.
2025-04-07 00:30:20,260 - INFO - No medications are due at this time.
2025-04-07 00:31:20,641 - INFO - No medications are due at this time.
2025-04-07 00:32:21,012 - INFO - No medications are due at this time.
2025-04-07 00:33:21,362 - INFO - No medications are due at this time.
2025-04-07 00:34:21,719 - INFO - No medications are due at this time.
2025-04-07 00:35:22,079 - INFO - No medications are due at this time.
2025-04-07 00:36:22,423 - INFO - No medications are due at this time.
2025-04-07 00:37:22,785 - INFO - No medications are due at this time.
2025-04-07 00:38:23,160 - INFO - No medications are due at this time.
2025-04-07 00:39:23,528 - INFO - No medications are due at this time.
2025-04-07 00:40:23,909 - INFO - No medications are due at this time.
2025-04-07 00:41:24,265 - INFO - No medications are due at this time.
2025-04-07 00:42:24,622 - INFO - No medications are due at this time.
2025-04-07 00:43:24,980 - INFO - No medications are due at this time.
2025-04-07 00:44:25,341 - INFO - No medications are due at this time.
2025-04-07 00:45:25,768 - INFO - No medications are due at this time.
2025-04-07 00:46:26,125 - INFO - No medications are due at this time.
2025-04-07 00:47:26,493 - INFO - No medications are due at this time.
2025-04-07 00:48:26,858 - INFO - No medications are due at this time.
2025-04-07 00:49:27,241 - INFO - No medications are due at this time.
2025-04-07 00:50:27,584 - INFO - No medications are due at this time.
2025-04-07 00:51:27,952 - INFO - No medications are due at this time.
2025-04-07 00:52:28,299 - INFO - No medications are due at this time.
2025-04-07 00:53:28,674 - INFO - No medications are due at this time.
2025-04-07 00:54:29,039 - INFO - No medications are due at this time.
2025-04-07 00:55:29,397 - INFO - No medications are due at this time.
2025-04-07 00:56:29,726 - INFO - No medications are due at this time.
2025-04-07 00:57:30,109 - INFO - No medications are due at this time.
2025-04-07 00:58:30,493 - INFO - No medications are due at this time.
2025-04-07 00:59:30,860 - INFO - No medications are due at this time.
2025-04-07 01:00:31,237 - INFO - No medications are due at this time.
2025-04-07 01:01:31,589 - INFO - No medications are due at this time.
2025-04-07 01:02:31,964 - INFO - No medications are due at this time.
2025-04-07 01:03:32,309 - INFO - No medications are due at this time.
2025-04-07 01:04:32,659 - INFO - No medications are due at this time.
2025-04-07 01:05:33,073 - INFO - No medications are due at this time.
2025-04-07 01:06:33,429 - INFO - No medications are due at this time.
2025-04-07 01:07:33,807 - INFO - No medications are due at this time.
2025-04-07 01:08:34,140 - INFO - No medications are due at this time.
2025-04-07 01:09:34,516 - INFO - No medications are due at this time.
2025-04-07 01:10:34,892 - INFO - No medications are due at this time.
2025-04-07 01:11:35,242 - INFO - No medications are due at this time.
2025-04-07 01:12:35,597 - INFO - No medications are due at this time.
2025-04-07 01:13:35,964 - INFO - No medications are due at this time.
2025-04-07 01:14:36,318 - INFO - No medications are due at this time.
2025-04-07 01:15:36,670 - INFO - No medications are due at this time.
2025-04-07 01:16:37,049 - INFO - No medications are due at this time.
2025-04-07 01:17:37,424 - INFO - No medications are due at this time.
2025-04-07 01:18:37,756 - INFO - No medications are due at this time.
2025-04-07 01:19:38,112 - INFO - No medications are due at this time.
2025-04-07 01:20:38,469 - INFO - No medications are due at this time.
2025-04-07 01:21:38,818 - INFO - No medications are due at this time.
2025-04-07 01:22:39,180 - INFO - No medications are due at this time.
2025-04-07 01:23:39,577 - INFO - No medications are due at this time.
2025-04-07 01:24:39,965 - INFO - No medications are due at this time.
2025-04-07 01:25:40,328 - INFO - No medications are due at this time.
2025-04-07 01:26:40,688 - INFO - No medications are due at this time.
2025-04-07 01:27:41,070 - INFO - No medications are due at this time.
2025-04-07 01:28:41,422 - INFO - No medications are due at this time.
2025-04-07 01:29:41,801 - INFO - No medications are due at this time.
2025-04-07 01:30:42,136 - INFO - No medications are due at this time.
2025-04-07 01:31:42,527 - INFO - No medications are due at this time.
2025-04-07 01:32:42,887 - INFO - No medications are due at this time.
2025-04-07 01:33:43,243 - INFO - No medications are due at this time.
2025-04-07 01:34:43,592 - INFO - No medications are due at this time.
2025-04-07 01:35:43,947 - INFO - No medications are due at this time.
2025-04-07 01:36:44,306 - INFO - No medications are due at this time.
2025-04-07 01:37:44,693 - INFO - No medications are due at this time.
2025-04-07 01:38:45,055 - INFO - No medications are due at this time.
2025-04-07 01:39:45,451 - INFO - No medications are due at this time.
2025-04-07 01:40:45,798 - INFO - No medications are due at this time.
2025-04-07 01:41:46,221 - INFO - No medications are due at this time.
2025-04-07 01:42:46,592 - INFO - No medications are due at this time.
2025-04-07 01:43:46,978 - INFO - No medications are due at this time.
2025-04-07 01:44:47,344 - INFO - No medications are due at this time.
2025-04-07 01:45:47,721 - INFO - No medications are due at this time.
2025-04-07 01:46:48,071 - INFO - No medications are due at this time.
2025-04-07 01:47:48,451 - INFO - No medications are due at this time.
2025-04-07 01:48:48,811 - INFO - No medications are due at this time.
2025-04-07 01:49:49,167 - INFO - No medications are due at this time.
2025-04-07 01:50:49,541 - INFO - No medications are due at this time.
2025-04-07 01:51:49,914 - INFO - No medications are due at this time.
2025-04-07 01:52:50,278 - INFO - No medications are due at this time.
2025-04-07 01:53:50,634 - INFO - No medications are due at this time.
2025-04-07 01:54:51,013 - INFO - No medications are due at this time.
2025-04-07 01:55:51,372 - INFO - No medications are due at this time.
2025-04-07 01:56:51,732 - INFO - No medications are due at this time.
2025-04-07 01:57:52,118 - INFO - No medications are due at this time.
2025-04-07 01:58:52,489 - INFO - No medications are due at this time.
2025-04-07 01:59:52,843 - INFO - No medications are due at this time.
2025-04-07 02:00:53,217 - INFO - No medications are due at this time.
2025-04-07 02:01:53,591 - INFO - No medications are due at this time.
2025-04-07 02:02:53,973 - INFO - No medications are due at this time.
2025-04-07 02:03:54,336 - INFO - No medications are due at this time.
2025-04-07 02:04:54,720 - INFO - No medications are due at this time.
2025-04-07 02:05:55,085 - INFO - No medications are due at this time.
2025-04-07 02:06:55,468 - INFO - No medications are due at this time.
2025-04-07 02:07:55,838 - INFO - No medications are due at this time.
2025-04-07 02:08:56,225 - INFO - No medications are due at this time.
2025-04-07 02:09:56,614 - INFO - No medications are due at this time.
2025-04-07 02:15:03,259 - INFO - No medications are due at this time.
2025-04-07 02:16:03,648 - INFO - No medications are due at this time.
2025-04-07 02:17:04,021 - INFO - No medications are due at this time.
2025-04-07 02:18:04,395 - INFO - No medications are due at this time.
2025-04-07 02:19:04,771 - INFO - No medications are due at this time.
2025-04-07 02:20:05,139 - INFO - No medications are due at this time.
2025-04-07 02:21:05,500 - INFO - No medications are due at this time.
2025-04-07 02:22:05,856 - INFO - No medications are due at this time.
2025-04-07 02:23:06,227 - INFO - No medications are due at this time.
2025-04-07 02:24:06,564 - INFO - No medications are due at this time.
2025-04-07 02:25:06,935 - INFO - No medications are due at this time.
2025-04-07 02:26:07,323 - INFO - No medications are due at this time.
2025-04-07 02:27:07,690 - INFO - No medications are due at this time.
2025-04-07 02:28:39,840 - INFO - No medications are due at this time.
2025-04-07 02:29:40,241 - INFO - No medications are due at this time.
2025-04-07 02:30:40,619 - INFO - No medications are due at this time.
2025-04-07 02:31:40,983 - INFO - No medications are due at this time.
2025-04-07 02:32:41,344 - INFO - No medications are due at this time.
2025-04-07 02:33:41,713 - INFO - No medications are due at this time.
2025-04-07 02:34:42,077 - INFO - No medications are due at this time.
2025-04-07 02:35:42,432 - INFO - No medications are due at this time.
2025-04-07 02:36:42,797 - INFO - No medications are due at this time.
2025-04-07 02:37:43,145 - INFO - No medications are due at this time.
2025-04-07 02:38:43,489 - INFO - No medications are due at this time.
2025-04-07 02:39:43,868 - INFO - No medications are due at this time.
2025-04-07 02:40:44,237 - INFO - No medications are due at this time.
2025-04-07 02:41:44,587 - INFO - No medications are due at this time.
2025-04-07 02:42:44,965 - INFO - No medications are due at this time.
2025-04-07 02:43:45,347 - INFO - No medications are due at this time.
2025-04-07 02:44:45,734 - INFO - No medications are due at this time.
2025-04-07 02:45:46,106 - INFO - No medications are due at this time.
2025-04-07 02:46:46,468 - INFO - No medications are due at this time.
2025-04-07 02:47:46,830 - INFO - No medications are due at this time.
2025-04-07 02:48:47,185 - INFO - No medications are due at this time.
2025-04-07 02:49:47,546 - INFO - No medications are due at this time.
2025-04-07 02:50:47,921 - INFO - No medications are due at this time.
2025-04-07 02:51:48,894 - INFO - No medications are due at this time.
2025-04-07 02:56:07,273 - INFO - No medications are due at this time.
2025-04-07 02:57:07,627 - INFO - No medications are due at this time.
2025-04-07 02:58:07,984 - INFO - No medications are due at this time.
2025-04-07 02:59:08,349 - INFO - No medications are due at this time.
2025-04-07 03:00:08,691 - INFO - No medications are due at this time.
2025-04-07 03:01:09,072 - INFO - No medications are due at this time.
2025-04-07 03:02:09,436 - INFO - No medications are due at this time.
2025-04-07 03:03:09,811 - INFO - No medications are due at this time.
2025-04-07 03:04:10,201 - INFO - No medications are due at this time.
2025-04-07 03:05:10,588 - INFO - No medications are due at this time.
2025-04-07 03:06:10,957 - INFO - No medications are due at this time.
2025-04-07 03:07:11,336 - INFO - No medications are due at this time.
2025-04-07 03:08:11,648 - INFO - No medications are due at this time.
2025-04-07 03:09:12,022 - INFO - No medications are due at this time.
2025-04-07 03:10:12,405 - INFO - No medications are due at this time.
2025-04-07 03:11:12,760 - INFO - No medications are due at this time.
2025-04-07 03:12:13,107 - INFO - No medications are due at this time.
2025-04-07 03:13:13,462 - INFO - No medications are due at this time.
2025-04-07 03:14:13,849 - INFO - No medications are due at this time.
2025-04-07 03:15:14,201 - INFO - No medications are due at this time.
2025-04-07 03:16:14,575 - INFO - No medications are due at this time.
2025-04-07 03:17:14,936 - INFO - No medications are due at this time.
2025-04-07 03:18:15,298 - INFO - No medications are due at this time.
2025-04-07 03:19:15,675 - INFO - No medications are due at this time.
2025-04-07 03:20:16,045 - INFO - No medications are due at this time.
2025-04-07 03:21:16,427 - INFO - No medications are due at this time.
2025-04-07 03:22:16,813 - INFO - No medications are due at this time.
2025-04-07 03:23:17,186 - INFO - No medications are due at this time.
2025-04-07 03:24:17,547 - INFO - No medications are due at this time.
2025-04-07 03:26:19,823 - INFO - No medications are due at this time.
2025-04-07 03:27:20,174 - INFO - No medications are due at this time.
2025-04-07 03:28:20,526 - INFO - No medications are due at this time.
2025-04-07 03:29:20,899 - INFO - No medications are due at this time.
2025-04-07 03:30:21,261 - INFO - No medications are due at this time.
2025-04-07 03:31:21,604 - INFO - No medications are due at this time.
2025-04-07 03:32:21,983 - INFO - No medications are due at this time.
2025-04-07 03:33:22,343 - INFO - No medications are due at this time.
2025-04-07 03:34:22,700 - INFO - No medications are due at this time.
2025-04-07 03:35:23,058 - INFO - No medications are due at this time.
2025-04-07 03:36:23,429 - INFO - No medications are due at this time.
2025-04-07 03:37:23,799 - INFO - No medications are due at this time.
2025-04-07 03:38:24,189 - INFO - No medications are due at this time.
2025-04-07 03:39:24,562 - INFO - No medications are due at this time.
2025-04-07 03:40:24,898 - INFO - No medications are due at this time.
2025-04-07 03:41:25,265 - INFO - No medications are due at this time.
2025-04-07 03:42:25,621 - INFO - No medications are due at this time.
2025-04-07 03:43:26,004 - INFO - No medications are due at this time.
2025-04-07 03:44:26,363 - INFO - No medications are due at this time.
2025-04-07 03:45:26,735 - INFO - No medications are due at this time.
2025-04-07 03:46:27,120 - INFO - No medications are due at this time.
2025-04-07 03:47:27,475 - INFO - No medications are due at this time.
2025-04-07 03:48:27,844 - INFO - No medications are due at this time.
2025-04-07 03:49:28,204 - INFO - No medications are due at this time.
2025-04-07 03:50:28,590 - INFO - No medications are due at this time.
2025-04-07 03:51:28,973 - INFO - No medications are due at this time.
2025-04-07 03:52:29,345 - INFO - No medications are due at this time.
2025-04-07 03:53:29,719 - INFO - No medications are due at this time.
2025-04-07 03:54:30,084 - INFO - No medications are due at this time.
2025-04-07 03:55:30,465 - INFO - No medications are due at this time.
2025-04-07 03:56:30,833 - INFO - No medications are due at this time.
2025-04-07 03:57:31,200 - INFO - No medications are due at this time.
2025-04-07 03:58:31,585 - INFO - No medications are due at this time.
2025-04-07 03:59:31,967 - INFO - No medications are due at this time.
2025-04-07 04:00:32,330 - INFO - No medications are due at this time.
2025-04-07 04:01:32,701 - INFO - No medications are due at this time.
2025-04-07 04:02:33,066 - INFO - No medications are due at this time.
2025-04-07 04:03:33,422 - INFO - No medications are due at this time.
2025-04-07 04:04:33,786 - INFO - No medications are due at this time.
2025-04-07 04:05:34,160 - INFO - No medications are due at this time.
2025-04-07 04:06:34,542 - INFO - No medications are due at this time.
2025-04-07 04:07:34,922 - INFO - No medications are due at this time.
2025-04-07 04:08:35,280 - INFO - No medications are due at this time.
2025-04-07 04:09:35,649 - INFO - No medications are due at this time.
2025-04-07 04:10:35,989 - INFO - No medications are due at this time.
2025-04-07 04:11:36,375 - INFO - No medications are due at this time.
2025-04-07 04:12:36,739 - INFO - No medications are due at this time.
2025-04-07 04:13:37,093 - INFO - No medications are due at this time.
2025-04-07 04:14:37,458 - INFO - No medications are due at this time.
2025-04-07 04:16:00,750 - INFO - No medications are due at this time.
2025-04-07 04:17:01,118 - INFO - No medications are due at this time.
2025-04-07 04:18:01,465 - INFO - No medications are due at this time.
2025-04-07 04:19:01,853 - INFO - No medications are due at this time.
2025-04-07 04:20:02,240 - INFO - No medications are due at this time.
2025-04-07 04:21:02,604 - INFO - No medications are due at this time.
2025-04-07 04:22:02,991 - INFO - No medications are due at this time.
2025-04-07 04:23:03,338 - INFO - No medications are due at this time.
2025-04-07 04:24:03,710 - INFO - No medications are due at this time.
2025-04-07 04:25:04,067 - INFO - No medications are due at this time.
2025-04-07 04:26:04,448 - INFO - No medications are due at this time.
2025-04-07 04:27:04,824 - INFO - No medications are due at this time.
2025-04-07 04:28:05,195 - INFO - No medications are due at this time.
2025-04-07 04:29:05,543 - INFO - No medications are due at this time.
2025-04-07 04:30:05,914 - INFO - No medications are due at this time.
2025-04-07 04:31:06,268 - INFO - No medications are due at this time.
2025-04-07 04:32:06,626 - INFO - No medications are due at this time.
2025-04-07 04:33:06,995 - INFO - No medications are due at this time.
2025-04-07 04:34:07,370 - INFO - No medications are due at this time.
2025-04-07 04:35:07,724 - INFO - No medications are due at this time.
2025-04-07 04:36:08,092 - INFO - No medications are due at this time.
2025-04-07 04:37:08,461 - INFO - No medications are due at this time.
2025-04-07 04:38:08,828 - INFO - No medications are due at this time.
2025-04-07 04:39:09,209 - INFO - No medications are due at this time.
2025-04-07 04:40:09,592 - INFO - No medications are due at this time.
2025-04-07 04:41:09,981 - INFO - No medications are due at this time.
2025-04-07 04:42:10,355 - INFO - No medications are due at this time.
2025-04-07 04:43:10,721 - INFO - No medications are due at this time.
2025-04-07 04:44:11,059 - INFO - No medications are due at this time.
2025-04-07 04:45:11,418 - INFO - No medications are due at this time.
2025-04-07 04:46:11,776 - INFO - No medications are due at this time.
2025-04-07 04:47:12,142 - INFO - No medications are due at this time.
2025-04-07 04:48:12,495 - INFO - No medications are due at this time.
2025-04-07 04:49:12,834 - INFO - No medications are due at this time.
2025-04-07 04:50:13,194 - INFO - No medications are due at this time.
2025-04-07 04:51:13,570 - INFO - No medications are due at this time.
2025-04-07 04:52:13,946 - INFO - No medications are due at this time.
2025-04-07 04:53:14,318 - INFO - No medications are due at this time.
2025-04-07 04:54:14,671 - INFO - No medications are due at this time.
2025-04-07 04:55:15,033 - INFO - No medications are due at this time.
2025-04-07 04:56:15,399 - INFO - No medications are due at this time.
2025-04-07 04:57:15,756 - INFO - No medications are due at this time.
2025-04-07 04:58:16,097 - INFO - No medications are due at this time.
2025-04-07 04:59:16,490 - INFO - No medications are due at this time.
2025-04-07 05:00:16,859 - INFO - No medications are due at this time.
2025-04-07 05:01:17,211 - INFO - No medications are due at this time.
2025-04-07 05:02:17,577 - INFO - No medications are due at this time.
2025-04-07 05:03:17,931 - INFO - No medications are due at this time.
2025-04-07 05:04:18,294 - INFO - No medications are due at this time.
2025-04-07 05:05:18,640 - INFO - No medications are due at this time.
2025-04-07 05:06:19,012 - INFO - No medications are due at this time.
2025-04-07 05:07:19,374 - INFO - No medications are due at this time.
2025-04-07 05:08:19,731 - INFO - No medications are due at this time.
2025-04-07 05:09:20,104 - INFO - No medications are due at this time.
2025-04-07 05:10:20,476 - INFO - No medications are due at this time.
2025-04-07 05:11:20,852 - INFO - No medications are due at this time.
2025-04-07 05:12:21,223 - INFO - No medications are due at this time.
2025-04-07 05:13:21,596 - INFO - No medications are due at this time.
2025-04-07 05:14:21,939 - INFO - No medications are due at this time.
2025-04-07 05:15:22,284 - INFO - No medications are due at this time.
2025-04-07 05:16:22,633 - INFO - No medications are due at this time.
2025-04-07 05:17:23,008 - INFO - No medications are due at this time.
2025-04-07 05:18:23,352 - INFO - No medications are due at this time.
2025-04-07 05:19:23,705 - INFO - No medications are due at this time.
2025-04-07 05:20:24,090 - INFO - No medications are due at this time.
2025-04-07 05:21:24,469 - INFO - No medications are due at this time.
2025-04-07 05:22:24,813 - INFO - No medications are due at this time.
2025-04-07 05:23:25,193 - INFO - No medications are due at this time.
2025-04-07 05:24:25,543 - INFO - No medications are due at this time.
2025-04-07 05:25:25,895 - INFO - No medications are due at this time.
2025-04-07 05:26:26,245 - INFO - No medications are due at this time.
2025-04-07 05:27:26,609 - INFO - No medications are due at this time.
2025-04-07 05:28:26,984 - INFO - No medications are due at this time.
2025-04-07 05:29:27,365 - INFO - No medications are due at this time.
2025-04-07 05:30:27,739 - INFO - No medications are due at this time.
